Working directory: /home/leonardo.sandrini/Deliverable2
=-=-=-=-=-=-=-=-=-=
Running with 1 processes
Iteration: 1 - Process 0 is checking the matrix: matrices/epb3_Real_84k_0006.mtx
Iteration: 1 - Process 0 is broadcasting the filename to other processes.
Iteration: 1 - Process 0 is sending rows distribution to other processes.
Iteration: 1 - Process 0 is sending parts of the vector to other processes.
Iteration: 1 - Computation started.
	Iteration: 1 - Results are correct for MPI parallelization.
Iteration: 2 - Process 0 is checking the matrix: matrices/epb3_Real_84k_0006.mtx
Iteration: 2 - Process 0 is broadcasting the filename to other processes.
Iteration: 2 - Process 0 is sending rows distribution to other processes.
Iteration: 2 - Process 0 is sending parts of the vector to other processes.
Iteration: 2 - Computation started.
	Iteration: 2 - Results are correct for MPI parallelization.
Iteration: 3 - Process 0 is checking the matrix: matrices/epb3_Real_84k_0006.mtx
Iteration: 3 - Process 0 is broadcasting the filename to other processes.
Iteration: 3 - Process 0 is sending rows distribution to other processes.
Iteration: 3 - Process 0 is sending parts of the vector to other processes.
Iteration: 3 - Computation started.
	Iteration: 3 - Results are correct for MPI parallelization.
Iteration: 4 - Process 0 is checking the matrix: matrices/epb3_Real_84k_0006.mtx
Iteration: 4 - Process 0 is broadcasting the filename to other processes.
Iteration: 4 - Process 0 is sending rows distribution to other processes.
Iteration: 4 - Process 0 is sending parts of the vector to other processes.
Iteration: 4 - Computation started.
	Iteration: 4 - Results are correct for MPI parallelization.
Iteration: 5 - Process 0 is checking the matrix: matrices/epb3_Real_84k_0006.mtx
Iteration: 5 - Process 0 is broadcasting the filename to other processes.
Iteration: 5 - Process 0 is sending rows distribution to other processes.
Iteration: 5 - Process 0 is sending parts of the vector to other processes.
Iteration: 5 - Computation started.
	Iteration: 5 - Results are correct for MPI parallelization.
Iteration: 6 - Process 0 is checking the matrix: matrices/epb3_Real_84k_0006.mtx
Iteration: 6 - Process 0 is broadcasting the filename to other processes.
Iteration: 6 - Process 0 is sending rows distribution to other processes.
Iteration: 6 - Process 0 is sending parts of the vector to other processes.
Iteration: 6 - Computation started.
	Iteration: 6 - Results are correct for MPI parallelization.
Iteration: 7 - Process 0 is checking the matrix: matrices/epb3_Real_84k_0006.mtx
Iteration: 7 - Process 0 is broadcasting the filename to other processes.
Iteration: 7 - Process 0 is sending rows distribution to other processes.
Iteration: 7 - Process 0 is sending parts of the vector to other processes.
Iteration: 7 - Computation started.
	Iteration: 7 - Results are correct for MPI parallelization.
Iteration: 8 - Process 0 is checking the matrix: matrices/epb3_Real_84k_0006.mtx
Iteration: 8 - Process 0 is broadcasting the filename to other processes.
Iteration: 8 - Process 0 is sending rows distribution to other processes.
Iteration: 8 - Process 0 is sending parts of the vector to other processes.
Iteration: 8 - Computation started.
	Iteration: 8 - Results are correct for MPI parallelization.
Iteration: 9 - Process 0 is checking the matrix: matrices/epb3_Real_84k_0006.mtx
Iteration: 9 - Process 0 is broadcasting the filename to other processes.
Iteration: 9 - Process 0 is sending rows distribution to other processes.
Iteration: 9 - Process 0 is sending parts of the vector to other processes.
Iteration: 9 - Computation started.
	Iteration: 9 - Results are correct for MPI parallelization.
Iteration: 10 - Process 0 is checking the matrix: matrices/epb3_Real_84k_0006.mtx
Iteration: 10 - Process 0 is broadcasting the filename to other processes.
Iteration: 10 - Process 0 is sending rows distribution to other processes.
Iteration: 10 - Process 0 is sending parts of the vector to other processes.
Iteration: 10 - Computation started.
	Iteration: 10 - Results are correct for MPI parallelization.
=-=
Overall computation time across processes: 0.000528 seconds.
Overall communication time across processes: 0.052702 seconds.
Overall total time across processes: 0.053230 seconds.
=-=
Average computation time across processes: 0.000528 seconds.
Average communication time across processes: 0.052702 seconds.
Average total time across processes: 0.053230 seconds.
=-=
Unparallelized computation time: 0.000634 seconds.
Speedup achieved: 1.200020
=-=

=-=-=-=-=-=-=-=-=-=

=-=-=-=-=-=-=-=-=-=
Running with 2 processes
Iteration: 1 - Process 0 is checking the matrix: matrices/epb3_Real_84k_0006.mtx
Iteration: 1 - Process 0 is broadcasting the filename to other processes.
Iteration: 1 - Process 0 is sending rows distribution to other processes.
Iteration: 1 - Process 0 is sending parts of the vector to other processes.
Iteration: 1 - Computation started.
	Iteration: 1 - Results are correct for MPI parallelization.
Iteration: 2 - Process 0 is checking the matrix: matrices/epb3_Real_84k_0006.mtx
Iteration: 2 - Process 0 is broadcasting the filename to other processes.
Iteration: 2 - Process 0 is sending rows distribution to other processes.
Iteration: 2 - Process 0 is sending parts of the vector to other processes.
Iteration: 2 - Computation started.
	Iteration: 2 - Results are correct for MPI parallelization.
Iteration: 3 - Process 0 is checking the matrix: matrices/epb3_Real_84k_0006.mtx
Iteration: 3 - Process 0 is broadcasting the filename to other processes.
Iteration: 3 - Process 0 is sending rows distribution to other processes.
Iteration: 3 - Process 0 is sending parts of the vector to other processes.
Iteration: 3 - Computation started.
	Iteration: 3 - Results are correct for MPI parallelization.
Iteration: 4 - Process 0 is checking the matrix: matrices/epb3_Real_84k_0006.mtx
Iteration: 4 - Process 0 is broadcasting the filename to other processes.
Iteration: 4 - Process 0 is sending rows distribution to other processes.
Iteration: 4 - Process 0 is sending parts of the vector to other processes.
Iteration: 4 - Computation started.
	Iteration: 4 - Results are correct for MPI parallelization.
Iteration: 5 - Process 0 is checking the matrix: matrices/epb3_Real_84k_0006.mtx
Iteration: 5 - Process 0 is broadcasting the filename to other processes.
Iteration: 5 - Process 0 is sending rows distribution to other processes.
Iteration: 5 - Process 0 is sending parts of the vector to other processes.
Iteration: 5 - Computation started.
	Iteration: 5 - Results are correct for MPI parallelization.
Iteration: 6 - Process 0 is checking the matrix: matrices/epb3_Real_84k_0006.mtx
Iteration: 6 - Process 0 is broadcasting the filename to other processes.
Iteration: 6 - Process 0 is sending rows distribution to other processes.
Iteration: 6 - Process 0 is sending parts of the vector to other processes.
Iteration: 6 - Computation started.
	Iteration: 6 - Results are correct for MPI parallelization.
Iteration: 7 - Process 0 is checking the matrix: matrices/epb3_Real_84k_0006.mtx
Iteration: 7 - Process 0 is broadcasting the filename to other processes.
Iteration: 7 - Process 0 is sending rows distribution to other processes.
Iteration: 7 - Process 0 is sending parts of the vector to other processes.
Iteration: 7 - Computation started.
	Iteration: 7 - Results are correct for MPI parallelization.
Iteration: 8 - Process 0 is checking the matrix: matrices/epb3_Real_84k_0006.mtx
Iteration: 8 - Process 0 is broadcasting the filename to other processes.
Iteration: 8 - Process 0 is sending rows distribution to other processes.
Iteration: 8 - Process 0 is sending parts of the vector to other processes.
Iteration: 8 - Computation started.
	Iteration: 8 - Results are correct for MPI parallelization.
Iteration: 9 - Process 0 is checking the matrix: matrices/epb3_Real_84k_0006.mtx
Iteration: 9 - Process 0 is broadcasting the filename to other processes.
Iteration: 9 - Process 0 is sending rows distribution to other processes.
Iteration: 9 - Process 0 is sending parts of the vector to other processes.
Iteration: 9 - Computation started.
	Iteration: 9 - Results are correct for MPI parallelization.
Iteration: 10 - Process 0 is checking the matrix: matrices/epb3_Real_84k_0006.mtx
Iteration: 10 - Process 0 is broadcasting the filename to other processes.
Iteration: 10 - Process 0 is sending rows distribution to other processes.
Iteration: 10 - Process 0 is sending parts of the vector to other processes.
Iteration: 10 - Computation started.
	Iteration: 10 - Results are correct for MPI parallelization.
=-=
Overall computation time across processes: 0.000475 seconds.
Overall communication time across processes: 0.000741 seconds.
Overall total time across processes: 0.001216 seconds.
=-=
Average computation time across processes: 0.000238 seconds.
Average communication time across processes: 0.000371 seconds.
Average total time across processes: 0.000608 seconds.
=-=
Unparallelized computation time: 0.000740 seconds.
Speedup achieved: 3.114517
=-=

=-=-=-=-=-=-=-=-=-=

=-=-=-=-=-=-=-=-=-=
Running with 4 processes
Iteration: 1 - Process 0 is checking the matrix: matrices/epb3_Real_84k_0006.mtx
Iteration: 1 - Process 0 is broadcasting the filename to other processes.
Iteration: 1 - Process 0 is sending rows distribution to other processes.
Iteration: 1 - Process 0 is sending parts of the vector to other processes.
Iteration: 1 - Computation started.
	Iteration: 1 - Results are correct for MPI parallelization.
Iteration: 2 - Process 0 is checking the matrix: matrices/epb3_Real_84k_0006.mtx
Iteration: 2 - Process 0 is broadcasting the filename to other processes.
Iteration: 2 - Process 0 is sending rows distribution to other processes.
Iteration: 2 - Process 0 is sending parts of the vector to other processes.
Iteration: 2 - Computation started.
	Iteration: 2 - Results are correct for MPI parallelization.
Iteration: 3 - Process 0 is checking the matrix: matrices/epb3_Real_84k_0006.mtx
Iteration: 3 - Process 0 is broadcasting the filename to other processes.
Iteration: 3 - Process 0 is sending rows distribution to other processes.
Iteration: 3 - Process 0 is sending parts of the vector to other processes.
Iteration: 3 - Computation started.
	Iteration: 3 - Results are correct for MPI parallelization.
Iteration: 4 - Process 0 is checking the matrix: matrices/epb3_Real_84k_0006.mtx
Iteration: 4 - Process 0 is broadcasting the filename to other processes.
Iteration: 4 - Process 0 is sending rows distribution to other processes.
Iteration: 4 - Process 0 is sending parts of the vector to other processes.
Iteration: 4 - Computation started.
	Iteration: 4 - Results are correct for MPI parallelization.
Iteration: 5 - Process 0 is checking the matrix: matrices/epb3_Real_84k_0006.mtx
Iteration: 5 - Process 0 is broadcasting the filename to other processes.
Iteration: 5 - Process 0 is sending rows distribution to other processes.
Iteration: 5 - Process 0 is sending parts of the vector to other processes.
Iteration: 5 - Computation started.
	Iteration: 5 - Results are correct for MPI parallelization.
Iteration: 6 - Process 0 is checking the matrix: matrices/epb3_Real_84k_0006.mtx
Iteration: 6 - Process 0 is broadcasting the filename to other processes.
Iteration: 6 - Process 0 is sending rows distribution to other processes.
Iteration: 6 - Process 0 is sending parts of the vector to other processes.
Iteration: 6 - Computation started.
	Iteration: 6 - Results are correct for MPI parallelization.
Iteration: 7 - Process 0 is checking the matrix: matrices/epb3_Real_84k_0006.mtx
Iteration: 7 - Process 0 is broadcasting the filename to other processes.
Iteration: 7 - Process 0 is sending rows distribution to other processes.
Iteration: 7 - Process 0 is sending parts of the vector to other processes.
Iteration: 7 - Computation started.
	Iteration: 7 - Results are correct for MPI parallelization.
Iteration: 8 - Process 0 is checking the matrix: matrices/epb3_Real_84k_0006.mtx
Iteration: 8 - Process 0 is broadcasting the filename to other processes.
Iteration: 8 - Process 0 is sending rows distribution to other processes.
Iteration: 8 - Process 0 is sending parts of the vector to other processes.
Iteration: 8 - Computation started.
	Iteration: 8 - Results are correct for MPI parallelization.
Iteration: 9 - Process 0 is checking the matrix: matrices/epb3_Real_84k_0006.mtx
Iteration: 9 - Process 0 is broadcasting the filename to other processes.
Iteration: 9 - Process 0 is sending rows distribution to other processes.
Iteration: 9 - Process 0 is sending parts of the vector to other processes.
Iteration: 9 - Computation started.
	Iteration: 9 - Results are correct for MPI parallelization.
Iteration: 10 - Process 0 is checking the matrix: matrices/epb3_Real_84k_0006.mtx
Iteration: 10 - Process 0 is broadcasting the filename to other processes.
Iteration: 10 - Process 0 is sending rows distribution to other processes.
Iteration: 10 - Process 0 is sending parts of the vector to other processes.
Iteration: 10 - Computation started.
	Iteration: 10 - Results are correct for MPI parallelization.
=-=
Overall computation time across processes: 0.000490 seconds.
Overall communication time across processes: 0.001193 seconds.
Overall total time across processes: 0.001683 seconds.
=-=
Average computation time across processes: 0.000122 seconds.
Average communication time across processes: 0.000298 seconds.
Average total time across processes: 0.000421 seconds.
=-=
Unparallelized computation time: 0.000740 seconds.
Speedup achieved: 6.042180
=-=

=-=-=-=-=-=-=-=-=-=

=-=-=-=-=-=-=-=-=-=
Running with 8 processes
Iteration: 1 - Process 0 is checking the matrix: matrices/epb3_Real_84k_0006.mtx
Iteration: 1 - Process 0 is broadcasting the filename to other processes.
Iteration: 1 - Process 0 is sending rows distribution to other processes.
Iteration: 1 - Process 0 is sending parts of the vector to other processes.
Iteration: 1 - Computation started.
	Iteration: 1 - Results are correct for MPI parallelization.
Iteration: 2 - Process 0 is checking the matrix: matrices/epb3_Real_84k_0006.mtx
Iteration: 2 - Process 0 is broadcasting the filename to other processes.
Iteration: 2 - Process 0 is sending rows distribution to other processes.
Iteration: 2 - Process 0 is sending parts of the vector to other processes.
Iteration: 2 - Computation started.
	Iteration: 2 - Results are correct for MPI parallelization.
Iteration: 3 - Process 0 is checking the matrix: matrices/epb3_Real_84k_0006.mtx
Iteration: 3 - Process 0 is broadcasting the filename to other processes.
Iteration: 3 - Process 0 is sending rows distribution to other processes.
Iteration: 3 - Process 0 is sending parts of the vector to other processes.
Iteration: 3 - Computation started.
	Iteration: 3 - Results are correct for MPI parallelization.
Iteration: 4 - Process 0 is checking the matrix: matrices/epb3_Real_84k_0006.mtx
Iteration: 4 - Process 0 is broadcasting the filename to other processes.
Iteration: 4 - Process 0 is sending rows distribution to other processes.
Iteration: 4 - Process 0 is sending parts of the vector to other processes.
Iteration: 4 - Computation started.
	Iteration: 4 - Results are correct for MPI parallelization.
Iteration: 5 - Process 0 is checking the matrix: matrices/epb3_Real_84k_0006.mtx
Iteration: 5 - Process 0 is broadcasting the filename to other processes.
Iteration: 5 - Process 0 is sending rows distribution to other processes.
Iteration: 5 - Process 0 is sending parts of the vector to other processes.
Iteration: 5 - Computation started.
	Iteration: 5 - Results are correct for MPI parallelization.
Iteration: 6 - Process 0 is checking the matrix: matrices/epb3_Real_84k_0006.mtx
Iteration: 6 - Process 0 is broadcasting the filename to other processes.
Iteration: 6 - Process 0 is sending rows distribution to other processes.
Iteration: 6 - Process 0 is sending parts of the vector to other processes.
Iteration: 6 - Computation started.
	Iteration: 6 - Results are correct for MPI parallelization.
Iteration: 7 - Process 0 is checking the matrix: matrices/epb3_Real_84k_0006.mtx
Iteration: 7 - Process 0 is broadcasting the filename to other processes.
Iteration: 7 - Process 0 is sending rows distribution to other processes.
Iteration: 7 - Process 0 is sending parts of the vector to other processes.
Iteration: 7 - Computation started.
	Iteration: 7 - Results are correct for MPI parallelization.
Iteration: 8 - Process 0 is checking the matrix: matrices/epb3_Real_84k_0006.mtx
Iteration: 8 - Process 0 is broadcasting the filename to other processes.
Iteration: 8 - Process 0 is sending rows distribution to other processes.
Iteration: 8 - Process 0 is sending parts of the vector to other processes.
Iteration: 8 - Computation started.
	Iteration: 8 - Results are correct for MPI parallelization.
Iteration: 9 - Process 0 is checking the matrix: matrices/epb3_Real_84k_0006.mtx
Iteration: 9 - Process 0 is broadcasting the filename to other processes.
Iteration: 9 - Process 0 is sending rows distribution to other processes.
Iteration: 9 - Process 0 is sending parts of the vector to other processes.
Iteration: 9 - Computation started.
	Iteration: 9 - Results are correct for MPI parallelization.
Iteration: 10 - Process 0 is checking the matrix: matrices/epb3_Real_84k_0006.mtx
Iteration: 10 - Process 0 is broadcasting the filename to other processes.
Iteration: 10 - Process 0 is sending rows distribution to other processes.
Iteration: 10 - Process 0 is sending parts of the vector to other processes.
Iteration: 10 - Computation started.
	Iteration: 10 - Results are correct for MPI parallelization.
=-=
Overall computation time across processes: 0.000757 seconds.
Overall communication time across processes: 0.001974 seconds.
Overall total time across processes: 0.002730 seconds.
=-=
Average computation time across processes: 0.000095 seconds.
Average communication time across processes: 0.000247 seconds.
Average total time across processes: 0.000341 seconds.
=-=
Unparallelized computation time: 0.000727 seconds.
Speedup achieved: 7.684166
=-=

=-=-=-=-=-=-=-=-=-=

=-=-=-=-=-=-=-=-=-=
Running with 16 processes
Iteration: 1 - Process 0 is checking the matrix: matrices/epb3_Real_84k_0006.mtx
Iteration: 1 - Process 0 is broadcasting the filename to other processes.
Iteration: 1 - Process 0 is sending rows distribution to other processes.
Iteration: 1 - Process 0 is sending parts of the vector to other processes.
Iteration: 1 - Computation started.
	Iteration: 1 - Results are correct for MPI parallelization.
Iteration: 2 - Process 0 is checking the matrix: matrices/epb3_Real_84k_0006.mtx
Iteration: 2 - Process 0 is broadcasting the filename to other processes.
Iteration: 2 - Process 0 is sending rows distribution to other processes.
Iteration: 2 - Process 0 is sending parts of the vector to other processes.
Iteration: 2 - Computation started.
	Iteration: 2 - Results are correct for MPI parallelization.
Iteration: 3 - Process 0 is checking the matrix: matrices/epb3_Real_84k_0006.mtx
Iteration: 3 - Process 0 is broadcasting the filename to other processes.
Iteration: 3 - Process 0 is sending rows distribution to other processes.
Iteration: 3 - Process 0 is sending parts of the vector to other processes.
Iteration: 3 - Computation started.
	Iteration: 3 - Results are correct for MPI parallelization.
Iteration: 4 - Process 0 is checking the matrix: matrices/epb3_Real_84k_0006.mtx
Iteration: 4 - Process 0 is broadcasting the filename to other processes.
Iteration: 4 - Process 0 is sending rows distribution to other processes.
Iteration: 4 - Process 0 is sending parts of the vector to other processes.
Iteration: 4 - Computation started.
	Iteration: 4 - Results are correct for MPI parallelization.
Iteration: 5 - Process 0 is checking the matrix: matrices/epb3_Real_84k_0006.mtx
Iteration: 5 - Process 0 is broadcasting the filename to other processes.
Iteration: 5 - Process 0 is sending rows distribution to other processes.
Iteration: 5 - Process 0 is sending parts of the vector to other processes.
Iteration: 5 - Computation started.
	Iteration: 5 - Results are correct for MPI parallelization.
Iteration: 6 - Process 0 is checking the matrix: matrices/epb3_Real_84k_0006.mtx
Iteration: 6 - Process 0 is broadcasting the filename to other processes.
Iteration: 6 - Process 0 is sending rows distribution to other processes.
Iteration: 6 - Process 0 is sending parts of the vector to other processes.
Iteration: 6 - Computation started.
	Iteration: 6 - Results are correct for MPI parallelization.
Iteration: 7 - Process 0 is checking the matrix: matrices/epb3_Real_84k_0006.mtx
Iteration: 7 - Process 0 is broadcasting the filename to other processes.
Iteration: 7 - Process 0 is sending rows distribution to other processes.
Iteration: 7 - Process 0 is sending parts of the vector to other processes.
Iteration: 7 - Computation started.
	Iteration: 7 - Results are correct for MPI parallelization.
Iteration: 8 - Process 0 is checking the matrix: matrices/epb3_Real_84k_0006.mtx
Iteration: 8 - Process 0 is broadcasting the filename to other processes.
Iteration: 8 - Process 0 is sending rows distribution to other processes.
Iteration: 8 - Process 0 is sending parts of the vector to other processes.
Iteration: 8 - Computation started.
	Iteration: 8 - Results are correct for MPI parallelization.
Iteration: 9 - Process 0 is checking the matrix: matrices/epb3_Real_84k_0006.mtx
Iteration: 9 - Process 0 is broadcasting the filename to other processes.
Iteration: 9 - Process 0 is sending rows distribution to other processes.
Iteration: 9 - Process 0 is sending parts of the vector to other processes.
Iteration: 9 - Computation started.
	Iteration: 9 - Results are correct for MPI parallelization.
Iteration: 10 - Process 0 is checking the matrix: matrices/epb3_Real_84k_0006.mtx
Iteration: 10 - Process 0 is broadcasting the filename to other processes.
Iteration: 10 - Process 0 is sending rows distribution to other processes.
Iteration: 10 - Process 0 is sending parts of the vector to other processes.
Iteration: 10 - Computation started.
	Iteration: 10 - Results are correct for MPI parallelization.
=-=
Overall computation time across processes: 0.000580 seconds.
Overall communication time across processes: 0.002948 seconds.
Overall total time across processes: 0.003528 seconds.
=-=
Average computation time across processes: 0.000036 seconds.
Average communication time across processes: 0.000184 seconds.
Average total time across processes: 0.000220 seconds.
=-=
Unparallelized computation time: 0.000813 seconds.
Speedup achieved: 22.416956
=-=

=-=-=-=-=-=-=-=-=-=

=-=-=-=-=-=-=-=-=-=
Running with 32 processes
Iteration: 1 - Process 0 is checking the matrix: matrices/epb3_Real_84k_0006.mtx
Iteration: 1 - Process 0 is broadcasting the filename to other processes.
Iteration: 1 - Process 0 is sending rows distribution to other processes.
Iteration: 1 - Process 0 is sending parts of the vector to other processes.
Iteration: 1 - Computation started.
	Iteration: 1 - Results are correct for MPI parallelization.
Iteration: 2 - Process 0 is checking the matrix: matrices/epb3_Real_84k_0006.mtx
Iteration: 2 - Process 0 is broadcasting the filename to other processes.
Iteration: 2 - Process 0 is sending rows distribution to other processes.
Iteration: 2 - Process 0 is sending parts of the vector to other processes.
Iteration: 2 - Computation started.
	Iteration: 2 - Results are correct for MPI parallelization.
Iteration: 3 - Process 0 is checking the matrix: matrices/epb3_Real_84k_0006.mtx
Iteration: 3 - Process 0 is broadcasting the filename to other processes.
Iteration: 3 - Process 0 is sending rows distribution to other processes.
Iteration: 3 - Process 0 is sending parts of the vector to other processes.
Iteration: 3 - Computation started.
	Iteration: 3 - Results are correct for MPI parallelization.
Iteration: 4 - Process 0 is checking the matrix: matrices/epb3_Real_84k_0006.mtx
Iteration: 4 - Process 0 is broadcasting the filename to other processes.
Iteration: 4 - Process 0 is sending rows distribution to other processes.
Iteration: 4 - Process 0 is sending parts of the vector to other processes.
Iteration: 4 - Computation started.
	Iteration: 4 - Results are correct for MPI parallelization.
Iteration: 5 - Process 0 is checking the matrix: matrices/epb3_Real_84k_0006.mtx
Iteration: 5 - Process 0 is broadcasting the filename to other processes.
Iteration: 5 - Process 0 is sending rows distribution to other processes.
Iteration: 5 - Process 0 is sending parts of the vector to other processes.
Iteration: 5 - Computation started.
	Iteration: 5 - Results are correct for MPI parallelization.
Iteration: 6 - Process 0 is checking the matrix: matrices/epb3_Real_84k_0006.mtx
Iteration: 6 - Process 0 is broadcasting the filename to other processes.
Iteration: 6 - Process 0 is sending rows distribution to other processes.
Iteration: 6 - Process 0 is sending parts of the vector to other processes.
Iteration: 6 - Computation started.
	Iteration: 6 - Results are correct for MPI parallelization.
Iteration: 7 - Process 0 is checking the matrix: matrices/epb3_Real_84k_0006.mtx
Iteration: 7 - Process 0 is broadcasting the filename to other processes.
Iteration: 7 - Process 0 is sending rows distribution to other processes.
Iteration: 7 - Process 0 is sending parts of the vector to other processes.
Iteration: 7 - Computation started.
	Iteration: 7 - Results are correct for MPI parallelization.
Iteration: 8 - Process 0 is checking the matrix: matrices/epb3_Real_84k_0006.mtx
Iteration: 8 - Process 0 is broadcasting the filename to other processes.
Iteration: 8 - Process 0 is sending rows distribution to other processes.
Iteration: 8 - Process 0 is sending parts of the vector to other processes.
Iteration: 8 - Computation started.
	Iteration: 8 - Results are correct for MPI parallelization.
Iteration: 9 - Process 0 is checking the matrix: matrices/epb3_Real_84k_0006.mtx
Iteration: 9 - Process 0 is broadcasting the filename to other processes.
Iteration: 9 - Process 0 is sending rows distribution to other processes.
Iteration: 9 - Process 0 is sending parts of the vector to other processes.
Iteration: 9 - Computation started.
	Iteration: 9 - Results are correct for MPI parallelization.
Iteration: 10 - Process 0 is checking the matrix: matrices/epb3_Real_84k_0006.mtx
Iteration: 10 - Process 0 is broadcasting the filename to other processes.
Iteration: 10 - Process 0 is sending rows distribution to other processes.
Iteration: 10 - Process 0 is sending parts of the vector to other processes.
Iteration: 10 - Computation started.
	Iteration: 10 - Results are correct for MPI parallelization.
=-=
Overall computation time across processes: 0.000562 seconds.
Overall communication time across processes: 0.005096 seconds.
Overall total time across processes: 0.005657 seconds.
=-=
Average computation time across processes: 0.000018 seconds.
Average communication time across processes: 0.000159 seconds.
Average total time across processes: 0.000177 seconds.
=-=
Unparallelized computation time: 0.000726 seconds.
Speedup achieved: 41.382902
=-=

=-=-=-=-=-=-=-=-=-=

=-=-=-=-=-=-=-=-=-=
Running with 64 processes
Iteration: 1 - Process 0 is checking the matrix: matrices/epb3_Real_84k_0006.mtx
Iteration: 1 - Process 0 is broadcasting the filename to other processes.
Iteration: 1 - Process 0 is sending rows distribution to other processes.
Iteration: 1 - Process 0 is sending parts of the vector to other processes.
Iteration: 1 - Computation started.
	Iteration: 1 - Results are correct for MPI parallelization.
Iteration: 2 - Process 0 is checking the matrix: matrices/epb3_Real_84k_0006.mtx
Iteration: 2 - Process 0 is broadcasting the filename to other processes.
Iteration: 2 - Process 0 is sending rows distribution to other processes.
Iteration: 2 - Process 0 is sending parts of the vector to other processes.
Iteration: 2 - Computation started.
	Iteration: 2 - Results are correct for MPI parallelization.
Iteration: 3 - Process 0 is checking the matrix: matrices/epb3_Real_84k_0006.mtx
Iteration: 3 - Process 0 is broadcasting the filename to other processes.
Iteration: 3 - Process 0 is sending rows distribution to other processes.
Iteration: 3 - Process 0 is sending parts of the vector to other processes.
Iteration: 3 - Computation started.
	Iteration: 3 - Results are correct for MPI parallelization.
Iteration: 4 - Process 0 is checking the matrix: matrices/epb3_Real_84k_0006.mtx
Iteration: 4 - Process 0 is broadcasting the filename to other processes.
Iteration: 4 - Process 0 is sending rows distribution to other processes.
Iteration: 4 - Process 0 is sending parts of the vector to other processes.
Iteration: 4 - Computation started.
	Iteration: 4 - Results are correct for MPI parallelization.
Iteration: 5 - Process 0 is checking the matrix: matrices/epb3_Real_84k_0006.mtx
Iteration: 5 - Process 0 is broadcasting the filename to other processes.
Iteration: 5 - Process 0 is sending rows distribution to other processes.
Iteration: 5 - Process 0 is sending parts of the vector to other processes.
Iteration: 5 - Computation started.
	Iteration: 5 - Results are correct for MPI parallelization.
Iteration: 6 - Process 0 is checking the matrix: matrices/epb3_Real_84k_0006.mtx
Iteration: 6 - Process 0 is broadcasting the filename to other processes.
Iteration: 6 - Process 0 is sending rows distribution to other processes.
Iteration: 6 - Process 0 is sending parts of the vector to other processes.
Iteration: 6 - Computation started.
	Iteration: 6 - Results are correct for MPI parallelization.
Iteration: 7 - Process 0 is checking the matrix: matrices/epb3_Real_84k_0006.mtx
Iteration: 7 - Process 0 is broadcasting the filename to other processes.
Iteration: 7 - Process 0 is sending rows distribution to other processes.
Iteration: 7 - Process 0 is sending parts of the vector to other processes.
Iteration: 7 - Computation started.
	Iteration: 7 - Results are correct for MPI parallelization.
Iteration: 8 - Process 0 is checking the matrix: matrices/epb3_Real_84k_0006.mtx
Iteration: 8 - Process 0 is broadcasting the filename to other processes.
Iteration: 8 - Process 0 is sending rows distribution to other processes.
Iteration: 8 - Process 0 is sending parts of the vector to other processes.
Iteration: 8 - Computation started.
	Iteration: 8 - Results are correct for MPI parallelization.
Iteration: 9 - Process 0 is checking the matrix: matrices/epb3_Real_84k_0006.mtx
Iteration: 9 - Process 0 is broadcasting the filename to other processes.
Iteration: 9 - Process 0 is sending rows distribution to other processes.
Iteration: 9 - Process 0 is sending parts of the vector to other processes.
Iteration: 9 - Computation started.
	Iteration: 9 - Results are correct for MPI parallelization.
Iteration: 10 - Process 0 is checking the matrix: matrices/epb3_Real_84k_0006.mtx
Iteration: 10 - Process 0 is broadcasting the filename to other processes.
Iteration: 10 - Process 0 is sending rows distribution to other processes.
Iteration: 10 - Process 0 is sending parts of the vector to other processes.
Iteration: 10 - Computation started.
	Iteration: 10 - Results are correct for MPI parallelization.
=-=
Overall computation time across processes: 0.000574 seconds.
Overall communication time across processes: 0.011536 seconds.
Overall total time across processes: 0.012110 seconds.
=-=
Average computation time across processes: 0.000009 seconds.
Average communication time across processes: 0.000180 seconds.
Average total time across processes: 0.000189 seconds.
=-=
Unparallelized computation time: 0.000817 seconds.
Speedup achieved: 91.073628
=-=

=-=-=-=-=-=-=-=-=-=

=-=-=-=-=-=-=-=-=-=
Running with 128 processes
Iteration: 1 - Process 0 is checking the matrix: matrices/epb3_Real_84k_0006.mtx
Iteration: 1 - Process 0 is broadcasting the filename to other processes.
Iteration: 1 - Process 0 is sending rows distribution to other processes.
Iteration: 1 - Process 0 is sending parts of the vector to other processes.
Iteration: 1 - Computation started.
	Iteration: 1 - Results are correct for MPI parallelization.
Iteration: 2 - Process 0 is checking the matrix: matrices/epb3_Real_84k_0006.mtx
Iteration: 2 - Process 0 is broadcasting the filename to other processes.
Iteration: 2 - Process 0 is sending rows distribution to other processes.
Iteration: 2 - Process 0 is sending parts of the vector to other processes.
Iteration: 2 - Computation started.
	Iteration: 2 - Results are correct for MPI parallelization.
Iteration: 3 - Process 0 is checking the matrix: matrices/epb3_Real_84k_0006.mtx
Iteration: 3 - Process 0 is broadcasting the filename to other processes.
Iteration: 3 - Process 0 is sending rows distribution to other processes.
Iteration: 3 - Process 0 is sending parts of the vector to other processes.
Iteration: 3 - Computation started.
	Iteration: 3 - Results are correct for MPI parallelization.
Iteration: 4 - Process 0 is checking the matrix: matrices/epb3_Real_84k_0006.mtx
Iteration: 4 - Process 0 is broadcasting the filename to other processes.
Iteration: 4 - Process 0 is sending rows distribution to other processes.
Iteration: 4 - Process 0 is sending parts of the vector to other processes.
Iteration: 4 - Computation started.
	Iteration: 4 - Results are correct for MPI parallelization.
Iteration: 5 - Process 0 is checking the matrix: matrices/epb3_Real_84k_0006.mtx
Iteration: 5 - Process 0 is broadcasting the filename to other processes.
Iteration: 5 - Process 0 is sending rows distribution to other processes.
Iteration: 5 - Process 0 is sending parts of the vector to other processes.
Iteration: 5 - Computation started.
	Iteration: 5 - Results are correct for MPI parallelization.
Iteration: 6 - Process 0 is checking the matrix: matrices/epb3_Real_84k_0006.mtx
Iteration: 6 - Process 0 is broadcasting the filename to other processes.
Iteration: 6 - Process 0 is sending rows distribution to other processes.
Iteration: 6 - Process 0 is sending parts of the vector to other processes.
Iteration: 6 - Computation started.
	Iteration: 6 - Results are correct for MPI parallelization.
Iteration: 7 - Process 0 is checking the matrix: matrices/epb3_Real_84k_0006.mtx
Iteration: 7 - Process 0 is broadcasting the filename to other processes.
Iteration: 7 - Process 0 is sending rows distribution to other processes.
Iteration: 7 - Process 0 is sending parts of the vector to other processes.
Iteration: 7 - Computation started.
	Iteration: 7 - Results are correct for MPI parallelization.
Iteration: 8 - Process 0 is checking the matrix: matrices/epb3_Real_84k_0006.mtx
Iteration: 8 - Process 0 is broadcasting the filename to other processes.
Iteration: 8 - Process 0 is sending rows distribution to other processes.
Iteration: 8 - Process 0 is sending parts of the vector to other processes.
Iteration: 8 - Computation started.
	Iteration: 8 - Results are correct for MPI parallelization.
Iteration: 9 - Process 0 is checking the matrix: matrices/epb3_Real_84k_0006.mtx
Iteration: 9 - Process 0 is broadcasting the filename to other processes.
Iteration: 9 - Process 0 is sending rows distribution to other processes.
Iteration: 9 - Process 0 is sending parts of the vector to other processes.
Iteration: 9 - Computation started.
	Iteration: 9 - Results are correct for MPI parallelization.
Iteration: 10 - Process 0 is checking the matrix: matrices/epb3_Real_84k_0006.mtx
Iteration: 10 - Process 0 is broadcasting the filename to other processes.
Iteration: 10 - Process 0 is sending rows distribution to other processes.
Iteration: 10 - Process 0 is sending parts of the vector to other processes.
Iteration: 10 - Computation started.
	Iteration: 10 - Results are correct for MPI parallelization.
=-=
Overall computation time across processes: 0.000623 seconds.
Overall communication time across processes: 0.050375 seconds.
Overall total time across processes: 0.050998 seconds.
=-=
Average computation time across processes: 0.000005 seconds.
Average communication time across processes: 0.000394 seconds.
Average total time across processes: 0.000398 seconds.
=-=
Unparallelized computation time: 0.000873 seconds.
Speedup achieved: 179.189123
=-=

=-=-=-=-=-=-=-=-=-=

=-=-=-=-=-=-=-=-=-=
Execution completed
