Working directory: /home/leonardo.sandrini/Deliverable2
=-=-=-=-=-=-=-=-=-=
Running with 2 processes
Iteration: 1 - Process 0 is creating the matrix
Iteration: 1 - Process 0 is sending rows distribution to other processes.
Iteration: 1 - Process 0 is sending the matrix in COO format to other processes.
Iteration: 1 - Process 0 is sending parts of the vector to other processes.
Iteration: 1 - Computation started.
	Iteration: 1 - Results are correct for MPI parallelization.
Iteration: 2 - Process 0 is creating the matrix
Iteration: 2 - Process 0 is sending rows distribution to other processes.
Iteration: 2 - Process 0 is sending the matrix in COO format to other processes.
Iteration: 2 - Process 0 is sending parts of the vector to other processes.
Iteration: 2 - Computation started.
	Iteration: 2 - Results are correct for MPI parallelization.
Iteration: 3 - Process 0 is creating the matrix
Iteration: 3 - Process 0 is sending rows distribution to other processes.
Iteration: 3 - Process 0 is sending the matrix in COO format to other processes.
Iteration: 3 - Process 0 is sending parts of the vector to other processes.
Iteration: 3 - Computation started.
	Iteration: 3 - Results are correct for MPI parallelization.
Iteration: 4 - Process 0 is creating the matrix
Iteration: 4 - Process 0 is sending rows distribution to other processes.
Iteration: 4 - Process 0 is sending the matrix in COO format to other processes.
Iteration: 4 - Process 0 is sending parts of the vector to other processes.
Iteration: 4 - Computation started.
	Iteration: 4 - Results are correct for MPI parallelization.
Iteration: 5 - Process 0 is creating the matrix
Iteration: 5 - Process 0 is sending rows distribution to other processes.
Iteration: 5 - Process 0 is sending the matrix in COO format to other processes.
Iteration: 5 - Process 0 is sending parts of the vector to other processes.
Iteration: 5 - Computation started.
	Iteration: 5 - Results are correct for MPI parallelization.
Iteration: 6 - Process 0 is creating the matrix
Iteration: 6 - Process 0 is sending rows distribution to other processes.
Iteration: 6 - Process 0 is sending the matrix in COO format to other processes.
Iteration: 6 - Process 0 is sending parts of the vector to other processes.
Iteration: 6 - Computation started.
	Iteration: 6 - Results are correct for MPI parallelization.
Iteration: 7 - Process 0 is creating the matrix
Iteration: 7 - Process 0 is sending rows distribution to other processes.
Iteration: 7 - Process 0 is sending the matrix in COO format to other processes.
Iteration: 7 - Process 0 is sending parts of the vector to other processes.
Iteration: 7 - Computation started.
	Iteration: 7 - Results are correct for MPI parallelization.
Iteration: 8 - Process 0 is creating the matrix
Iteration: 8 - Process 0 is sending rows distribution to other processes.
Iteration: 8 - Process 0 is sending the matrix in COO format to other processes.
Iteration: 8 - Process 0 is sending parts of the vector to other processes.
Iteration: 8 - Computation started.
	Iteration: 8 - Results are correct for MPI parallelization.
Iteration: 9 - Process 0 is creating the matrix
Iteration: 9 - Process 0 is sending rows distribution to other processes.
Iteration: 9 - Process 0 is sending the matrix in COO format to other processes.
Iteration: 9 - Process 0 is sending parts of the vector to other processes.
Iteration: 9 - Computation started.
	Iteration: 9 - Results are correct for MPI parallelization.
Iteration: 10 - Process 0 is creating the matrix
Iteration: 10 - Process 0 is sending rows distribution to other processes.
Iteration: 10 - Process 0 is sending the matrix in COO format to other processes.
Iteration: 10 - Process 0 is sending parts of the vector to other processes.
Iteration: 10 - Computation started.
	Iteration: 10 - Results are correct for MPI parallelization.
=-=
Overall computation time across processes: 0.000000 seconds.
Overall communication time across processes: 0.000009 seconds.
Overall total time across processes: 0.000009 seconds.
=-=
Average computation time across processes: 0.000000 seconds.
Average communication time across processes: 0.000005 seconds.
Average total time across processes: 0.000005 seconds.
=-=
Unparallelized computation time: 0.000002 seconds.
Speedup achieved: 23.200000
=-=

=-=-=-=-=-=-=-=-=-=

=-=-=-=-=-=-=-=-=-=
Execution completed
