Working directory: /home/leonardo.sandrini/Deliverable1
Testinng 5 matrixes
=-=-=-=-=-=-=-=-=-=-=-=-=-=-=-=-=-=-=-=-=-=-=-=-=-=-=-=
XXXXXXXXXXXXXXXXXXXXXXXXXXXXXXXXXXXXXXXXXXXXXXXXXXXXXXX
Running: 1138_bus.mtx matrix
=-=-=-=-=-=-=-=-=-=-=-=-=-=-=-=-=-=-=-=-=-=-=-=-=-=-=-=
Sequential execution time for execution 1: 0.010027 milliseconds
Parallel execution time for execution 1: 7.101362 milliseconds
CSR-2 Parallel execution time for execution 1: 0.008667 milliseconds
CSR-3 Parallel execution time for execution 1: 0.028095 milliseconds
Speedup par for execution 1 : 0.14%
Speedup CSR-2 for execution 1 : 115.69%
Speedup CSR-3 for execution 1 : 35.69%
Results are correct for normal parallelization.
Results are correct for CSR-2 parallelization.
Results are correct for CSR-3 parallelization.
=-=-=-=-=-=-=-=-=-=-=-=-=-=-=-=-=-=-=-=-=-=-=-=-=-=-=-=

=-=-=-=-=-=-=-=-=-=-=-=-=-=-=-=-=-=-=-=-=-=-=-=-=-=-=-=
Sequential execution time for execution 2: 0.008316 milliseconds
Parallel execution time for execution 2: 6.773760 milliseconds
CSR-2 Parallel execution time for execution 2: 0.007780 milliseconds
CSR-3 Parallel execution time for execution 2: 0.030531 milliseconds
Speedup par for execution 2 : 0.12%
Speedup CSR-2 for execution 2 : 106.89%
Speedup CSR-3 for execution 2 : 27.24%
Results are correct for normal parallelization.
Results are correct for CSR-2 parallelization.
Results are correct for CSR-3 parallelization.
=-=-=-=-=-=-=-=-=-=-=-=-=-=-=-=-=-=-=-=-=-=-=-=-=-=-=-=

=-=-=-=-=-=-=-=-=-=-=-=-=-=-=-=-=-=-=-=-=-=-=-=-=-=-=-=
Sequential execution time for execution 3: 0.007145 milliseconds
Parallel execution time for execution 3: 6.784998 milliseconds
CSR-2 Parallel execution time for execution 3: 0.007633 milliseconds
CSR-3 Parallel execution time for execution 3: 0.018824 milliseconds
Speedup par for execution 3 : 0.11%
Speedup CSR-2 for execution 3 : 93.60%
Speedup CSR-3 for execution 3 : 37.96%
Results are correct for normal parallelization.
Results are correct for CSR-2 parallelization.
Results are correct for CSR-3 parallelization.
=-=-=-=-=-=-=-=-=-=-=-=-=-=-=-=-=-=-=-=-=-=-=-=-=-=-=-=

=-=-=-=-=-=-=-=-=-=-=-=-=-=-=-=-=-=-=-=-=-=-=-=-=-=-=-=
Sequential execution time for execution 4: 0.006521 milliseconds
Parallel execution time for execution 4: 6.898113 milliseconds
CSR-2 Parallel execution time for execution 4: 0.008112 milliseconds
CSR-3 Parallel execution time for execution 4: 0.019211 milliseconds
Speedup par for execution 4 : 0.09%
Speedup CSR-2 for execution 4 : 80.39%
Speedup CSR-3 for execution 4 : 33.95%
Results are correct for normal parallelization.
Results are correct for CSR-2 parallelization.
Results are correct for CSR-3 parallelization.
=-=-=-=-=-=-=-=-=-=-=-=-=-=-=-=-=-=-=-=-=-=-=-=-=-=-=-=

=-=-=-=-=-=-=-=-=-=-=-=-=-=-=-=-=-=-=-=-=-=-=-=-=-=-=-=
Sequential execution time for execution 5: 0.005852 milliseconds
Parallel execution time for execution 5: 6.878023 milliseconds
CSR-2 Parallel execution time for execution 5: 0.008286 milliseconds
CSR-3 Parallel execution time for execution 5: 0.026466 milliseconds
Speedup par for execution 5 : 0.09%
Speedup CSR-2 for execution 5 : 70.63%
Speedup CSR-3 for execution 5 : 22.11%
Results are correct for normal parallelization.
Results are correct for CSR-2 parallelization.
Results are correct for CSR-3 parallelization.
=-=-=-=-=-=-=-=-=-=-=-=-=-=-=-=-=-=-=-=-=-=-=-=-=-=-=-=

=-=-=-=-=-=-=-=-=-=-=-=-=-=-=-=-=-=-=-=-=-=-=-=-=-=-=-=
Sequential execution time for execution 6: 0.005587 milliseconds
Parallel execution time for execution 6: 6.867535 milliseconds
CSR-2 Parallel execution time for execution 6: 0.007940 milliseconds
CSR-3 Parallel execution time for execution 6: 0.020283 milliseconds
Speedup par for execution 6 : 0.08%
Speedup CSR-2 for execution 6 : 70.36%
Speedup CSR-3 for execution 6 : 27.54%
Results are correct for normal parallelization.
Results are correct for CSR-2 parallelization.
Results are correct for CSR-3 parallelization.
=-=-=-=-=-=-=-=-=-=-=-=-=-=-=-=-=-=-=-=-=-=-=-=-=-=-=-=

=-=-=-=-=-=-=-=-=-=-=-=-=-=-=-=-=-=-=-=-=-=-=-=-=-=-=-=
Sequential execution time for execution 7: 0.005390 milliseconds
Parallel execution time for execution 7: 6.917749 milliseconds
CSR-2 Parallel execution time for execution 7: 0.008326 milliseconds
CSR-3 Parallel execution time for execution 7: 0.024626 milliseconds
Speedup par for execution 7 : 0.08%
Speedup CSR-2 for execution 7 : 64.74%
Speedup CSR-3 for execution 7 : 21.89%
Results are correct for normal parallelization.
Results are correct for CSR-2 parallelization.
Results are correct for CSR-3 parallelization.
=-=-=-=-=-=-=-=-=-=-=-=-=-=-=-=-=-=-=-=-=-=-=-=-=-=-=-=

=-=-=-=-=-=-=-=-=-=-=-=-=-=-=-=-=-=-=-=-=-=-=-=-=-=-=-=
Sequential execution time for execution 8: 0.005421 milliseconds
Parallel execution time for execution 8: 6.928671 milliseconds
CSR-2 Parallel execution time for execution 8: 0.007856 milliseconds
CSR-3 Parallel execution time for execution 8: 0.016970 milliseconds
Speedup par for execution 8 : 0.08%
Speedup CSR-2 for execution 8 : 69.00%
Speedup CSR-3 for execution 8 : 31.94%
Results are correct for normal parallelization.
Results are correct for CSR-2 parallelization.
Results are correct for CSR-3 parallelization.
=-=-=-=-=-=-=-=-=-=-=-=-=-=-=-=-=-=-=-=-=-=-=-=-=-=-=-=

=-=-=-=-=-=-=-=-=-=-=-=-=-=-=-=-=-=-=-=-=-=-=-=-=-=-=-=
Sequential execution time for execution 9: 0.005211 milliseconds
Parallel execution time for execution 9: 6.857254 milliseconds
CSR-2 Parallel execution time for execution 9: 0.007866 milliseconds
CSR-3 Parallel execution time for execution 9: 0.021053 milliseconds
Speedup par for execution 9 : 0.08%
Speedup CSR-2 for execution 9 : 66.25%
Speedup CSR-3 for execution 9 : 24.75%
Results are correct for normal parallelization.
Results are correct for CSR-2 parallelization.
Results are correct for CSR-3 parallelization.
=-=-=-=-=-=-=-=-=-=-=-=-=-=-=-=-=-=-=-=-=-=-=-=-=-=-=-=

=-=-=-=-=-=-=-=-=-=-=-=-=-=-=-=-=-=-=-=-=-=-=-=-=-=-=-=
Sequential execution time for execution 10: 0.005020 milliseconds
Parallel execution time for execution 10: 6.862370 milliseconds
CSR-2 Parallel execution time for execution 10: 0.007603 milliseconds
CSR-3 Parallel execution time for execution 10: 0.019684 milliseconds
Speedup par for execution 10 : 0.07%
Speedup CSR-2 for execution 10 : 66.03%
Speedup CSR-3 for execution 10 : 25.50%
Results are correct for normal parallelization.
Results are correct for CSR-2 parallelization.
Results are correct for CSR-3 parallelization.
=-=-=-=-=-=-=-=-=-=-=-=-=-=-=-=-=-=-=-=-=-=-=-=-=-=-=-=

XXXXXXXXXXXXXXXXXXXXXXXXXXXXXXXXXXXXXXXXXXXXXXXXXXXXXXX
Running: illc1850.mtx matrix
=-=-=-=-=-=-=-=-=-=-=-=-=-=-=-=-=-=-=-=-=-=-=-=-=-=-=-=
Sequential execution time for execution 1: 0.015097 milliseconds
Parallel execution time for execution 1: 10.974632 milliseconds
CSR-2 Parallel execution time for execution 1: 0.008377 milliseconds
CSR-3 Parallel execution time for execution 1: 0.046000 milliseconds
Speedup par for execution 1 : 0.14%
Speedup CSR-2 for execution 1 : 180.21%
Speedup CSR-3 for execution 1 : 32.82%
Results are correct for normal parallelization.
Results are correct for CSR-2 parallelization.
Results are correct for CSR-3 parallelization.
=-=-=-=-=-=-=-=-=-=-=-=-=-=-=-=-=-=-=-=-=-=-=-=-=-=-=-=

=-=-=-=-=-=-=-=-=-=-=-=-=-=-=-=-=-=-=-=-=-=-=-=-=-=-=-=
Sequential execution time for execution 2: 0.011431 milliseconds
Parallel execution time for execution 2: 10.412403 milliseconds
CSR-2 Parallel execution time for execution 2: 0.007750 milliseconds
CSR-3 Parallel execution time for execution 2: 0.034878 milliseconds
Speedup par for execution 2 : 0.11%
Speedup CSR-2 for execution 2 : 147.50%
Speedup CSR-3 for execution 2 : 32.77%
Results are correct for normal parallelization.
Results are correct for CSR-2 parallelization.
Results are correct for CSR-3 parallelization.
=-=-=-=-=-=-=-=-=-=-=-=-=-=-=-=-=-=-=-=-=-=-=-=-=-=-=-=

=-=-=-=-=-=-=-=-=-=-=-=-=-=-=-=-=-=-=-=-=-=-=-=-=-=-=-=
Sequential execution time for execution 3: 0.008936 milliseconds
Parallel execution time for execution 3: 10.526665 milliseconds
CSR-2 Parallel execution time for execution 3: 0.007530 milliseconds
CSR-3 Parallel execution time for execution 3: 0.028845 milliseconds
Speedup par for execution 3 : 0.08%
Speedup CSR-2 for execution 3 : 118.67%
Speedup CSR-3 for execution 3 : 30.98%
Results are correct for normal parallelization.
Results are correct for CSR-2 parallelization.
Results are correct for CSR-3 parallelization.
=-=-=-=-=-=-=-=-=-=-=-=-=-=-=-=-=-=-=-=-=-=-=-=-=-=-=-=

=-=-=-=-=-=-=-=-=-=-=-=-=-=-=-=-=-=-=-=-=-=-=-=-=-=-=-=
Sequential execution time for execution 4: 0.008314 milliseconds
Parallel execution time for execution 4: 10.473284 milliseconds
CSR-2 Parallel execution time for execution 4: 0.007202 milliseconds
CSR-3 Parallel execution time for execution 4: 0.029121 milliseconds
Speedup par for execution 4 : 0.08%
Speedup CSR-2 for execution 4 : 115.44%
Speedup CSR-3 for execution 4 : 28.55%
Results are correct for normal parallelization.
Results are correct for CSR-2 parallelization.
Results are correct for CSR-3 parallelization.
=-=-=-=-=-=-=-=-=-=-=-=-=-=-=-=-=-=-=-=-=-=-=-=-=-=-=-=

=-=-=-=-=-=-=-=-=-=-=-=-=-=-=-=-=-=-=-=-=-=-=-=-=-=-=-=
Sequential execution time for execution 5: 0.007708 milliseconds
Parallel execution time for execution 5: 10.248755 milliseconds
CSR-2 Parallel execution time for execution 5: 0.007328 milliseconds
CSR-3 Parallel execution time for execution 5: 0.027658 milliseconds
Speedup par for execution 5 : 0.08%
Speedup CSR-2 for execution 5 : 105.18%
Speedup CSR-3 for execution 5 : 27.87%
Results are correct for normal parallelization.
Results are correct for CSR-2 parallelization.
Results are correct for CSR-3 parallelization.
=-=-=-=-=-=-=-=-=-=-=-=-=-=-=-=-=-=-=-=-=-=-=-=-=-=-=-=

=-=-=-=-=-=-=-=-=-=-=-=-=-=-=-=-=-=-=-=-=-=-=-=-=-=-=-=
Sequential execution time for execution 6: 0.008150 milliseconds
Parallel execution time for execution 6: 10.341091 milliseconds
CSR-2 Parallel execution time for execution 6: 0.006266 milliseconds
CSR-3 Parallel execution time for execution 6: 0.025557 milliseconds
Speedup par for execution 6 : 0.08%
Speedup CSR-2 for execution 6 : 130.08%
Speedup CSR-3 for execution 6 : 31.89%
Results are correct for normal parallelization.
Results are correct for CSR-2 parallelization.
Results are correct for CSR-3 parallelization.
=-=-=-=-=-=-=-=-=-=-=-=-=-=-=-=-=-=-=-=-=-=-=-=-=-=-=-=

=-=-=-=-=-=-=-=-=-=-=-=-=-=-=-=-=-=-=-=-=-=-=-=-=-=-=-=
Sequential execution time for execution 7: 0.007708 milliseconds
Parallel execution time for execution 7: 10.270790 milliseconds
CSR-2 Parallel execution time for execution 7: 0.007465 milliseconds
CSR-3 Parallel execution time for execution 7: 0.032629 milliseconds
Speedup par for execution 7 : 0.08%
Speedup CSR-2 for execution 7 : 103.24%
Speedup CSR-3 for execution 7 : 23.62%
Results are correct for normal parallelization.
Results are correct for CSR-2 parallelization.
Results are correct for CSR-3 parallelization.
=-=-=-=-=-=-=-=-=-=-=-=-=-=-=-=-=-=-=-=-=-=-=-=-=-=-=-=

=-=-=-=-=-=-=-=-=-=-=-=-=-=-=-=-=-=-=-=-=-=-=-=-=-=-=-=
Sequential execution time for execution 8: 0.007908 milliseconds
Parallel execution time for execution 8: 10.158274 milliseconds
CSR-2 Parallel execution time for execution 8: 0.007870 milliseconds
CSR-3 Parallel execution time for execution 8: 0.022692 milliseconds
Speedup par for execution 8 : 0.08%
Speedup CSR-2 for execution 8 : 100.48%
Speedup CSR-3 for execution 8 : 34.85%
Results are correct for normal parallelization.
Results are correct for CSR-2 parallelization.
Results are correct for CSR-3 parallelization.
=-=-=-=-=-=-=-=-=-=-=-=-=-=-=-=-=-=-=-=-=-=-=-=-=-=-=-=

=-=-=-=-=-=-=-=-=-=-=-=-=-=-=-=-=-=-=-=-=-=-=-=-=-=-=-=
Sequential execution time for execution 9: 0.007479 milliseconds
Parallel execution time for execution 9: 10.563143 milliseconds
CSR-2 Parallel execution time for execution 9: 0.007553 milliseconds
CSR-3 Parallel execution time for execution 9: 0.028503 milliseconds
Speedup par for execution 9 : 0.07%
Speedup CSR-2 for execution 9 : 99.02%
Speedup CSR-3 for execution 9 : 26.24%
Results are correct for normal parallelization.
Results are correct for CSR-2 parallelization.
Results are correct for CSR-3 parallelization.
=-=-=-=-=-=-=-=-=-=-=-=-=-=-=-=-=-=-=-=-=-=-=-=-=-=-=-=

=-=-=-=-=-=-=-=-=-=-=-=-=-=-=-=-=-=-=-=-=-=-=-=-=-=-=-=
Sequential execution time for execution 10: 0.008537 milliseconds
Parallel execution time for execution 10: 10.546509 milliseconds
CSR-2 Parallel execution time for execution 10: 0.007832 milliseconds
CSR-3 Parallel execution time for execution 10: 0.024353 milliseconds
Speedup par for execution 10 : 0.08%
Speedup CSR-2 for execution 10 : 109.01%
Speedup CSR-3 for execution 10 : 35.06%
Results are correct for normal parallelization.
Results are correct for CSR-2 parallelization.
Results are correct for CSR-3 parallelization.
=-=-=-=-=-=-=-=-=-=-=-=-=-=-=-=-=-=-=-=-=-=-=-=-=-=-=-=

XXXXXXXXXXXXXXXXXXXXXXXXXXXXXXXXXXXXXXXXXXXXXXXXXXXXXXX
Running: bcsstk25.mtx matrix
=-=-=-=-=-=-=-=-=-=-=-=-=-=-=-=-=-=-=-=-=-=-=-=-=-=-=-=
Sequential execution time for execution 1: 0.194439 milliseconds
Parallel execution time for execution 1: 86.381622 milliseconds
CSR-2 Parallel execution time for execution 1: 0.066658 milliseconds
CSR-3 Parallel execution time for execution 1: 0.192982 milliseconds
Speedup par for execution 1 : 0.23%
Speedup CSR-2 for execution 1 : 291.70%
Speedup CSR-3 for execution 1 : 100.76%
Results are NOT correct for normal parallelization.
Results are correct for CSR-2 parallelization.
Results are correct for CSR-3 parallelization.
=-=-=-=-=-=-=-=-=-=-=-=-=-=-=-=-=-=-=-=-=-=-=-=-=-=-=-=

=-=-=-=-=-=-=-=-=-=-=-=-=-=-=-=-=-=-=-=-=-=-=-=-=-=-=-=
Sequential execution time for execution 2: 0.197231 milliseconds
Parallel execution time for execution 2: 85.503040 milliseconds
CSR-2 Parallel execution time for execution 2: 0.061047 milliseconds
CSR-3 Parallel execution time for execution 2: 0.160942 milliseconds
Speedup par for execution 2 : 0.23%
Speedup CSR-2 for execution 2 : 323.08%
Speedup CSR-3 for execution 2 : 122.55%
Results are NOT correct for normal parallelization.
Results are correct for CSR-2 parallelization.
Results are correct for CSR-3 parallelization.
=-=-=-=-=-=-=-=-=-=-=-=-=-=-=-=-=-=-=-=-=-=-=-=-=-=-=-=

=-=-=-=-=-=-=-=-=-=-=-=-=-=-=-=-=-=-=-=-=-=-=-=-=-=-=-=
Sequential execution time for execution 3: 0.183826 milliseconds
Parallel execution time for execution 3: 85.526531 milliseconds
CSR-2 Parallel execution time for execution 3: 0.062798 milliseconds
CSR-3 Parallel execution time for execution 3: 0.172184 milliseconds
Speedup par for execution 3 : 0.21%
Speedup CSR-2 for execution 3 : 292.73%
Speedup CSR-3 for execution 3 : 106.76%
Results are NOT correct for normal parallelization.
Results are correct for CSR-2 parallelization.
Results are correct for CSR-3 parallelization.
=-=-=-=-=-=-=-=-=-=-=-=-=-=-=-=-=-=-=-=-=-=-=-=-=-=-=-=

=-=-=-=-=-=-=-=-=-=-=-=-=-=-=-=-=-=-=-=-=-=-=-=-=-=-=-=
Sequential execution time for execution 4: 0.195019 milliseconds
Parallel execution time for execution 4: 85.550770 milliseconds
CSR-2 Parallel execution time for execution 4: 0.063284 milliseconds
CSR-3 Parallel execution time for execution 4: 0.179050 milliseconds
Speedup par for execution 4 : 0.23%
Speedup CSR-2 for execution 4 : 308.16%
Speedup CSR-3 for execution 4 : 108.92%
Results are NOT correct for normal parallelization.
Results are correct for CSR-2 parallelization.
Results are correct for CSR-3 parallelization.
=-=-=-=-=-=-=-=-=-=-=-=-=-=-=-=-=-=-=-=-=-=-=-=-=-=-=-=

=-=-=-=-=-=-=-=-=-=-=-=-=-=-=-=-=-=-=-=-=-=-=-=-=-=-=-=
Sequential execution time for execution 5: 0.182737 milliseconds
Parallel execution time for execution 5: 85.678915 milliseconds
CSR-2 Parallel execution time for execution 5: 0.062803 milliseconds
CSR-3 Parallel execution time for execution 5: 0.177845 milliseconds
Speedup par for execution 5 : 0.21%
Speedup CSR-2 for execution 5 : 290.97%
Speedup CSR-3 for execution 5 : 102.75%
Results are NOT correct for normal parallelization.
Results are correct for CSR-2 parallelization.
Results are correct for CSR-3 parallelization.
=-=-=-=-=-=-=-=-=-=-=-=-=-=-=-=-=-=-=-=-=-=-=-=-=-=-=-=

=-=-=-=-=-=-=-=-=-=-=-=-=-=-=-=-=-=-=-=-=-=-=-=-=-=-=-=
Sequential execution time for execution 6: 0.184221 milliseconds
Parallel execution time for execution 6: 85.131832 milliseconds
CSR-2 Parallel execution time for execution 6: 0.062132 milliseconds
CSR-3 Parallel execution time for execution 6: 0.180571 milliseconds
Speedup par for execution 6 : 0.22%
Speedup CSR-2 for execution 6 : 296.50%
Speedup CSR-3 for execution 6 : 102.02%
Results are NOT correct for normal parallelization.
Results are correct for CSR-2 parallelization.
Results are correct for CSR-3 parallelization.
=-=-=-=-=-=-=-=-=-=-=-=-=-=-=-=-=-=-=-=-=-=-=-=-=-=-=-=

=-=-=-=-=-=-=-=-=-=-=-=-=-=-=-=-=-=-=-=-=-=-=-=-=-=-=-=
Sequential execution time for execution 7: 0.180088 milliseconds
Parallel execution time for execution 7: 85.258350 milliseconds
CSR-2 Parallel execution time for execution 7: 0.063601 milliseconds
CSR-3 Parallel execution time for execution 7: 0.176580 milliseconds
Speedup par for execution 7 : 0.21%
Speedup CSR-2 for execution 7 : 283.15%
Speedup CSR-3 for execution 7 : 101.99%
Results are NOT correct for normal parallelization.
Results are correct for CSR-2 parallelization.
Results are correct for CSR-3 parallelization.
=-=-=-=-=-=-=-=-=-=-=-=-=-=-=-=-=-=-=-=-=-=-=-=-=-=-=-=

=-=-=-=-=-=-=-=-=-=-=-=-=-=-=-=-=-=-=-=-=-=-=-=-=-=-=-=
Sequential execution time for execution 8: 0.182680 milliseconds
Parallel execution time for execution 8: 85.390625 milliseconds
CSR-2 Parallel execution time for execution 8: 0.062061 milliseconds
CSR-3 Parallel execution time for execution 8: 0.182962 milliseconds
Speedup par for execution 8 : 0.21%
Speedup CSR-2 for execution 8 : 294.35%
Speedup CSR-3 for execution 8 : 99.85%
Results are NOT correct for normal parallelization.
Results are correct for CSR-2 parallelization.
Results are correct for CSR-3 parallelization.
=-=-=-=-=-=-=-=-=-=-=-=-=-=-=-=-=-=-=-=-=-=-=-=-=-=-=-=

=-=-=-=-=-=-=-=-=-=-=-=-=-=-=-=-=-=-=-=-=-=-=-=-=-=-=-=
Sequential execution time for execution 9: 0.192453 milliseconds
Parallel execution time for execution 9: 85.360355 milliseconds
CSR-2 Parallel execution time for execution 9: 0.061024 milliseconds
CSR-3 Parallel execution time for execution 9: 0.177286 milliseconds
Speedup par for execution 9 : 0.23%
Speedup CSR-2 for execution 9 : 315.37%
Speedup CSR-3 for execution 9 : 108.56%
Results are NOT correct for normal parallelization.
Results are correct for CSR-2 parallelization.
Results are correct for CSR-3 parallelization.
=-=-=-=-=-=-=-=-=-=-=-=-=-=-=-=-=-=-=-=-=-=-=-=-=-=-=-=

=-=-=-=-=-=-=-=-=-=-=-=-=-=-=-=-=-=-=-=-=-=-=-=-=-=-=-=
Sequential execution time for execution 10: 0.180819 milliseconds
Parallel execution time for execution 10: 85.178730 milliseconds
CSR-2 Parallel execution time for execution 10: 0.062117 milliseconds
CSR-3 Parallel execution time for execution 10: 0.175755 milliseconds
Speedup par for execution 10 : 0.21%
Speedup CSR-2 for execution 10 : 291.10%
Speedup CSR-3 for execution 10 : 102.88%
Results are NOT correct for normal parallelization.
Results are correct for CSR-2 parallelization.
Results are correct for CSR-3 parallelization.
=-=-=-=-=-=-=-=-=-=-=-=-=-=-=-=-=-=-=-=-=-=-=-=-=-=-=-=

XXXXXXXXXXXXXXXXXXXXXXXXXXXXXXXXXXXXXXXXXXXXXXXXXXXXXXX
Running: bcspwr10.mtx matrix
=-=-=-=-=-=-=-=-=-=-=-=-=-=-=-=-=-=-=-=-=-=-=-=-=-=-=-=
Sequential execution time for execution 1: 0.005701 milliseconds
Parallel execution time for execution 1: 29.724194 milliseconds
CSR-2 Parallel execution time for execution 1: 0.007406 milliseconds
CSR-3 Parallel execution time for execution 1: 0.006306 milliseconds
Speedup par for execution 1 : 0.02%
Speedup CSR-2 for execution 1 : 76.98%
Speedup CSR-3 for execution 1 : 90.41%
Results are correct for normal parallelization.
Results are correct for CSR-2 parallelization.
Results are correct for CSR-3 parallelization.
=-=-=-=-=-=-=-=-=-=-=-=-=-=-=-=-=-=-=-=-=-=-=-=-=-=-=-=

=-=-=-=-=-=-=-=-=-=-=-=-=-=-=-=-=-=-=-=-=-=-=-=-=-=-=-=
Sequential execution time for execution 2: 0.003656 milliseconds
Parallel execution time for execution 2: 29.888695 milliseconds
CSR-2 Parallel execution time for execution 2: 0.006626 milliseconds
CSR-3 Parallel execution time for execution 2: 0.007114 milliseconds
Speedup par for execution 2 : 0.01%
Speedup CSR-2 for execution 2 : 55.18%
Speedup CSR-3 for execution 2 : 51.39%
Results are correct for normal parallelization.
Results are correct for CSR-2 parallelization.
Results are correct for CSR-3 parallelization.
=-=-=-=-=-=-=-=-=-=-=-=-=-=-=-=-=-=-=-=-=-=-=-=-=-=-=-=

=-=-=-=-=-=-=-=-=-=-=-=-=-=-=-=-=-=-=-=-=-=-=-=-=-=-=-=
Sequential execution time for execution 3: 0.003340 milliseconds
Parallel execution time for execution 3: 29.812315 milliseconds
CSR-2 Parallel execution time for execution 3: 0.007481 milliseconds
CSR-3 Parallel execution time for execution 3: 0.006994 milliseconds
Speedup par for execution 3 : 0.01%
Speedup CSR-2 for execution 3 : 44.65%
Speedup CSR-3 for execution 3 : 47.75%
Results are correct for normal parallelization.
Results are correct for CSR-2 parallelization.
Results are correct for CSR-3 parallelization.
=-=-=-=-=-=-=-=-=-=-=-=-=-=-=-=-=-=-=-=-=-=-=-=-=-=-=-=

=-=-=-=-=-=-=-=-=-=-=-=-=-=-=-=-=-=-=-=-=-=-=-=-=-=-=-=
Sequential execution time for execution 4: 0.003277 milliseconds
Parallel execution time for execution 4: 29.756594 milliseconds
CSR-2 Parallel execution time for execution 4: 0.007788 milliseconds
CSR-3 Parallel execution time for execution 4: 0.007341 milliseconds
Speedup par for execution 4 : 0.01%
Speedup CSR-2 for execution 4 : 42.08%
Speedup CSR-3 for execution 4 : 44.63%
Results are correct for normal parallelization.
Results are correct for CSR-2 parallelization.
Results are correct for CSR-3 parallelization.
=-=-=-=-=-=-=-=-=-=-=-=-=-=-=-=-=-=-=-=-=-=-=-=-=-=-=-=

=-=-=-=-=-=-=-=-=-=-=-=-=-=-=-=-=-=-=-=-=-=-=-=-=-=-=-=
Sequential execution time for execution 5: 0.003275 milliseconds
Parallel execution time for execution 5: 29.719891 milliseconds
CSR-2 Parallel execution time for execution 5: 0.012379 milliseconds
CSR-3 Parallel execution time for execution 5: 0.006071 milliseconds
Speedup par for execution 5 : 0.01%
Speedup CSR-2 for execution 5 : 26.46%
Speedup CSR-3 for execution 5 : 53.94%
Results are correct for normal parallelization.
Results are correct for CSR-2 parallelization.
Results are correct for CSR-3 parallelization.
=-=-=-=-=-=-=-=-=-=-=-=-=-=-=-=-=-=-=-=-=-=-=-=-=-=-=-=

=-=-=-=-=-=-=-=-=-=-=-=-=-=-=-=-=-=-=-=-=-=-=-=-=-=-=-=
Sequential execution time for execution 6: 0.003277 milliseconds
Parallel execution time for execution 6: 29.594856 milliseconds
CSR-2 Parallel execution time for execution 6: 0.007584 milliseconds
CSR-3 Parallel execution time for execution 6: 0.007032 milliseconds
Speedup par for execution 6 : 0.01%
Speedup CSR-2 for execution 6 : 43.21%
Speedup CSR-3 for execution 6 : 46.60%
Results are correct for normal parallelization.
Results are correct for CSR-2 parallelization.
Results are correct for CSR-3 parallelization.
=-=-=-=-=-=-=-=-=-=-=-=-=-=-=-=-=-=-=-=-=-=-=-=-=-=-=-=

=-=-=-=-=-=-=-=-=-=-=-=-=-=-=-=-=-=-=-=-=-=-=-=-=-=-=-=
Sequential execution time for execution 7: 0.003353 milliseconds
Parallel execution time for execution 7: 29.692345 milliseconds
CSR-2 Parallel execution time for execution 7: 0.006769 milliseconds
CSR-3 Parallel execution time for execution 7: 0.006317 milliseconds
Speedup par for execution 7 : 0.01%
Speedup CSR-2 for execution 7 : 49.54%
Speedup CSR-3 for execution 7 : 53.08%
Results are correct for normal parallelization.
Results are correct for CSR-2 parallelization.
Results are correct for CSR-3 parallelization.
=-=-=-=-=-=-=-=-=-=-=-=-=-=-=-=-=-=-=-=-=-=-=-=-=-=-=-=

=-=-=-=-=-=-=-=-=-=-=-=-=-=-=-=-=-=-=-=-=-=-=-=-=-=-=-=
Sequential execution time for execution 8: 0.003279 milliseconds
Parallel execution time for execution 8: 29.803940 milliseconds
CSR-2 Parallel execution time for execution 8: 0.007347 milliseconds
CSR-3 Parallel execution time for execution 8: 0.006887 milliseconds
Speedup par for execution 8 : 0.01%
Speedup CSR-2 for execution 8 : 44.63%
Speedup CSR-3 for execution 8 : 47.60%
Results are correct for normal parallelization.
Results are correct for CSR-2 parallelization.
Results are correct for CSR-3 parallelization.
=-=-=-=-=-=-=-=-=-=-=-=-=-=-=-=-=-=-=-=-=-=-=-=-=-=-=-=

=-=-=-=-=-=-=-=-=-=-=-=-=-=-=-=-=-=-=-=-=-=-=-=-=-=-=-=
Sequential execution time for execution 9: 0.003328 milliseconds
Parallel execution time for execution 9: 29.789097 milliseconds
CSR-2 Parallel execution time for execution 9: 0.006439 milliseconds
CSR-3 Parallel execution time for execution 9: 0.007063 milliseconds
Speedup par for execution 9 : 0.01%
Speedup CSR-2 for execution 9 : 51.69%
Speedup CSR-3 for execution 9 : 47.12%
Results are correct for normal parallelization.
Results are correct for CSR-2 parallelization.
Results are correct for CSR-3 parallelization.
=-=-=-=-=-=-=-=-=-=-=-=-=-=-=-=-=-=-=-=-=-=-=-=-=-=-=-=

=-=-=-=-=-=-=-=-=-=-=-=-=-=-=-=-=-=-=-=-=-=-=-=-=-=-=-=
Sequential execution time for execution 10: 0.003275 milliseconds
Parallel execution time for execution 10: 29.493841 milliseconds
CSR-2 Parallel execution time for execution 10: 0.008017 milliseconds
CSR-3 Parallel execution time for execution 10: 0.006872 milliseconds
Speedup par for execution 10 : 0.01%
Speedup CSR-2 for execution 10 : 40.85%
Speedup CSR-3 for execution 10 : 47.65%
Results are correct for normal parallelization.
Results are correct for CSR-2 parallelization.
Results are correct for CSR-3 parallelization.
=-=-=-=-=-=-=-=-=-=-=-=-=-=-=-=-=-=-=-=-=-=-=-=-=-=-=-=

XXXXXXXXXXXXXXXXXXXXXXXXXXXXXXXXXXXXXXXXXXXXXXXXXXXXXXX
Running: bcspwr8.mtx matrix
=-=-=-=-=-=-=-=-=-=-=-=-=-=-=-=-=-=-=-=-=-=-=-=-=-=-=-=
Sequential execution time for execution 1: 0.003588 milliseconds
Parallel execution time for execution 1: 8.530750 milliseconds
CSR-2 Parallel execution time for execution 1: 0.005234 milliseconds
CSR-3 Parallel execution time for execution 1: 0.004717 milliseconds
Speedup par for execution 1 : 0.04%
Speedup CSR-2 for execution 1 : 68.55%
Speedup CSR-3 for execution 1 : 76.06%
Results are correct for normal parallelization.
Results are correct for CSR-2 parallelization.
Results are correct for CSR-3 parallelization.
=-=-=-=-=-=-=-=-=-=-=-=-=-=-=-=-=-=-=-=-=-=-=-=-=-=-=-=

=-=-=-=-=-=-=-=-=-=-=-=-=-=-=-=-=-=-=-=-=-=-=-=-=-=-=-=
Sequential execution time for execution 2: 0.001030 milliseconds
Parallel execution time for execution 2: 8.241529 milliseconds
CSR-2 Parallel execution time for execution 2: 0.003864 milliseconds
CSR-3 Parallel execution time for execution 2: 0.004358 milliseconds
Speedup par for execution 2 : 0.01%
Speedup CSR-2 for execution 2 : 26.65%
Speedup CSR-3 for execution 2 : 23.63%
Results are correct for normal parallelization.
Results are correct for CSR-2 parallelization.
Results are correct for CSR-3 parallelization.
=-=-=-=-=-=-=-=-=-=-=-=-=-=-=-=-=-=-=-=-=-=-=-=-=-=-=-=

=-=-=-=-=-=-=-=-=-=-=-=-=-=-=-=-=-=-=-=-=-=-=-=-=-=-=-=
Sequential execution time for execution 3: 0.001028 milliseconds
Parallel execution time for execution 3: 8.304752 milliseconds
CSR-2 Parallel execution time for execution 3: 0.003792 milliseconds
CSR-3 Parallel execution time for execution 3: 0.004028 milliseconds
Speedup par for execution 3 : 0.01%
Speedup CSR-2 for execution 3 : 27.11%
Speedup CSR-3 for execution 3 : 25.52%
Results are correct for normal parallelization.
Results are correct for CSR-2 parallelization.
Results are correct for CSR-3 parallelization.
=-=-=-=-=-=-=-=-=-=-=-=-=-=-=-=-=-=-=-=-=-=-=-=-=-=-=-=

=-=-=-=-=-=-=-=-=-=-=-=-=-=-=-=-=-=-=-=-=-=-=-=-=-=-=-=
Sequential execution time for execution 4: 0.001028 milliseconds
Parallel execution time for execution 4: 8.349646 milliseconds
CSR-2 Parallel execution time for execution 4: 0.003742 milliseconds
CSR-3 Parallel execution time for execution 4: 0.004633 milliseconds
Speedup par for execution 4 : 0.01%
Speedup CSR-2 for execution 4 : 27.47%
Speedup CSR-3 for execution 4 : 22.19%
Results are correct for normal parallelization.
Results are correct for CSR-2 parallelization.
Results are correct for CSR-3 parallelization.
=-=-=-=-=-=-=-=-=-=-=-=-=-=-=-=-=-=-=-=-=-=-=-=-=-=-=-=

=-=-=-=-=-=-=-=-=-=-=-=-=-=-=-=-=-=-=-=-=-=-=-=-=-=-=-=
Sequential execution time for execution 5: 0.001024 milliseconds
Parallel execution time for execution 5: 8.246077 milliseconds
CSR-2 Parallel execution time for execution 5: 0.004221 milliseconds
CSR-3 Parallel execution time for execution 5: 0.004560 milliseconds
Speedup par for execution 5 : 0.01%
Speedup CSR-2 for execution 5 : 24.27%
Speedup CSR-3 for execution 5 : 22.46%
Results are correct for normal parallelization.
Results are correct for CSR-2 parallelization.
Results are correct for CSR-3 parallelization.
=-=-=-=-=-=-=-=-=-=-=-=-=-=-=-=-=-=-=-=-=-=-=-=-=-=-=-=

=-=-=-=-=-=-=-=-=-=-=-=-=-=-=-=-=-=-=-=-=-=-=-=-=-=-=-=
Sequential execution time for execution 6: 0.001024 milliseconds
Parallel execution time for execution 6: 8.297623 milliseconds
CSR-2 Parallel execution time for execution 6: 0.005087 milliseconds
CSR-3 Parallel execution time for execution 6: 0.004505 milliseconds
Speedup par for execution 6 : 0.01%
Speedup CSR-2 for execution 6 : 20.13%
Speedup CSR-3 for execution 6 : 22.73%
Results are correct for normal parallelization.
Results are correct for CSR-2 parallelization.
Results are correct for CSR-3 parallelization.
=-=-=-=-=-=-=-=-=-=-=-=-=-=-=-=-=-=-=-=-=-=-=-=-=-=-=-=

=-=-=-=-=-=-=-=-=-=-=-=-=-=-=-=-=-=-=-=-=-=-=-=-=-=-=-=
Sequential execution time for execution 7: 0.001028 milliseconds
Parallel execution time for execution 7: 8.408356 milliseconds
CSR-2 Parallel execution time for execution 7: 0.004467 milliseconds
CSR-3 Parallel execution time for execution 7: 0.004625 milliseconds
Speedup par for execution 7 : 0.01%
Speedup CSR-2 for execution 7 : 23.01%
Speedup CSR-3 for execution 7 : 22.23%
Results are correct for normal parallelization.
Results are correct for CSR-2 parallelization.
Results are correct for CSR-3 parallelization.
=-=-=-=-=-=-=-=-=-=-=-=-=-=-=-=-=-=-=-=-=-=-=-=-=-=-=-=

=-=-=-=-=-=-=-=-=-=-=-=-=-=-=-=-=-=-=-=-=-=-=-=-=-=-=-=
Sequential execution time for execution 8: 0.001022 milliseconds
Parallel execution time for execution 8: 8.316568 milliseconds
CSR-2 Parallel execution time for execution 8: 0.003916 milliseconds
CSR-3 Parallel execution time for execution 8: 0.004789 milliseconds
Speedup par for execution 8 : 0.01%
Speedup CSR-2 for execution 8 : 26.11%
Speedup CSR-3 for execution 8 : 21.35%
Results are correct for normal parallelization.
Results are correct for CSR-2 parallelization.
Results are correct for CSR-3 parallelization.
=-=-=-=-=-=-=-=-=-=-=-=-=-=-=-=-=-=-=-=-=-=-=-=-=-=-=-=

=-=-=-=-=-=-=-=-=-=-=-=-=-=-=-=-=-=-=-=-=-=-=-=-=-=-=-=
Sequential execution time for execution 9: 0.001026 milliseconds
Parallel execution time for execution 9: 8.267084 milliseconds
CSR-2 Parallel execution time for execution 9: 0.004660 milliseconds
CSR-3 Parallel execution time for execution 9: 0.003565 milliseconds
Speedup par for execution 9 : 0.01%
Speedup CSR-2 for execution 9 : 22.02%
Speedup CSR-3 for execution 9 : 28.79%
Results are correct for normal parallelization.
Results are correct for CSR-2 parallelization.
Results are correct for CSR-3 parallelization.
=-=-=-=-=-=-=-=-=-=-=-=-=-=-=-=-=-=-=-=-=-=-=-=-=-=-=-=

=-=-=-=-=-=-=-=-=-=-=-=-=-=-=-=-=-=-=-=-=-=-=-=-=-=-=-=
Sequential execution time for execution 10: 0.001026 milliseconds
Parallel execution time for execution 10: 8.321795 milliseconds
CSR-2 Parallel execution time for execution 10: 0.004171 milliseconds
CSR-3 Parallel execution time for execution 10: 0.005260 milliseconds
Speedup par for execution 10 : 0.01%
Speedup CSR-2 for execution 10 : 24.60%
Speedup CSR-3 for execution 10 : 19.51%
Results are correct for normal parallelization.
Results are correct for CSR-2 parallelization.
Results are correct for CSR-3 parallelization.
=-=-=-=-=-=-=-=-=-=-=-=-=-=-=-=-=-=-=-=-=-=-=-=-=-=-=-=


=-=-=-=-=-=-=-=-=-=-=-=-=-=-=-=-=-=-=-=-=-=-=-=-=-=-=-=
Execution completed
Exit code: 0
